<?xml version="1.0" encoding="UTF-8"?>
<testsuite name="io.pivotal.ConfigRabbitApplicationTests" tests="1" skipped="0" failures="0" errors="0" timestamp="2015-08-05T14:08:24" hostname="IRMODRISCOLL.local" time="0.006">
  <properties/>
  <testcase name="contextLoads" classname="io.pivotal.ConfigRabbitApplicationTests" time="0.006"/>
  <system-out><![CDATA[15:08:17.982 [Test worker] DEBUG o.s.t.c.j.SpringJUnit4ClassRunner - SpringJUnit4ClassRunner constructor called with [class io.pivotal.ConfigRabbitApplicationTests].
15:08:18.000 [Test worker] DEBUG o.s.test.context.BootstrapUtils - Instantiating TestContextBootstrapper from class [org.springframework.test.context.support.DefaultTestContextBootstrapper]
15:08:18.013 [Test worker] DEBUG o.s.t.c.s.DefaultTestContextBootstrapper - Found explicit ContextLoader class [org.springframework.boot.test.SpringApplicationContextLoader] for context configuration attributes [ContextConfigurationAttributes@9634e8f declaringClass = 'io.pivotal.ConfigRabbitApplicationTests', classes = '{class io.pivotal.ConfigRabbitApplication}', locations = '{}', inheritLocations = true, initializers = '{}', inheritInitializers = true, name = [null], contextLoaderClass = 'org.springframework.boot.test.SpringApplicationContextLoader']
15:08:18.019 [Test worker] DEBUG o.s.t.c.support.ActiveProfilesUtils - Could not find an 'annotation declaring class' for annotation type [org.springframework.test.context.ActiveProfiles] and class [io.pivotal.ConfigRabbitApplicationTests]
15:08:18.022 [Test worker] DEBUG o.s.t.c.s.DefaultTestContextBootstrapper - @TestExecutionListeners is not present for class [io.pivotal.ConfigRabbitApplicationTests]: using defaults.
15:08:18.030 [Test worker] INFO  o.s.t.c.s.DefaultTestContextBootstrapper - Loaded default TestExecutionListener class names from location [META-INF/spring.factories]: [org.springframework.test.context.web.ServletTestExecutionListener, org.springframework.test.context.support.DependencyInjectionTestExecutionListener, org.springframework.test.context.support.DirtiesContextTestExecutionListener, org.springframework.test.context.transaction.TransactionalTestExecutionListener, org.springframework.test.context.jdbc.SqlScriptsTestExecutionListener]
15:08:18.035 [Test worker] INFO  o.s.t.c.s.DefaultTestContextBootstrapper - Could not instantiate TestExecutionListener [org.springframework.test.context.web.ServletTestExecutionListener]. Specify custom listener classes or make the default listener classes (and their required dependencies) available. Offending class: [javax/servlet/ServletContext]
15:08:18.044 [Test worker] INFO  o.s.t.c.s.DefaultTestContextBootstrapper - Using TestExecutionListeners: [org.springframework.test.context.support.DependencyInjectionTestExecutionListener@517daef0, org.springframework.test.context.support.DirtiesContextTestExecutionListener@6425f4fb, org.springframework.test.context.transaction.TransactionalTestExecutionListener@10094991, org.springframework.test.context.jdbc.SqlScriptsTestExecutionListener@4d2ab19a]
15:08:18.046 [Test worker] DEBUG o.s.t.annotation.ProfileValueUtils - Retrieved @ProfileValueSourceConfiguration [null] for test class [io.pivotal.ConfigRabbitApplicationTests]
15:08:18.047 [Test worker] DEBUG o.s.t.annotation.ProfileValueUtils - Retrieved ProfileValueSource type [class org.springframework.test.annotation.SystemProfileValueSource] for class [io.pivotal.ConfigRabbitApplicationTests]
15:08:18.049 [Test worker] DEBUG o.s.t.annotation.ProfileValueUtils - Retrieved @ProfileValueSourceConfiguration [null] for test class [io.pivotal.ConfigRabbitApplicationTests]
15:08:18.049 [Test worker] DEBUG o.s.t.annotation.ProfileValueUtils - Retrieved ProfileValueSource type [class org.springframework.test.annotation.SystemProfileValueSource] for class [io.pivotal.ConfigRabbitApplicationTests]
15:08:18.050 [Test worker] DEBUG o.s.t.annotation.ProfileValueUtils - Retrieved @ProfileValueSourceConfiguration [null] for test class [io.pivotal.ConfigRabbitApplicationTests]
15:08:18.050 [Test worker] DEBUG o.s.t.annotation.ProfileValueUtils - Retrieved ProfileValueSource type [class org.springframework.test.annotation.SystemProfileValueSource] for class [io.pivotal.ConfigRabbitApplicationTests]
15:08:18.052 [Test worker] DEBUG o.s.t.annotation.ProfileValueUtils - Retrieved @ProfileValueSourceConfiguration [null] for test class [io.pivotal.ConfigRabbitApplicationTests]
15:08:18.052 [Test worker] DEBUG o.s.t.annotation.ProfileValueUtils - Retrieved ProfileValueSource type [class org.springframework.test.annotation.SystemProfileValueSource] for class [io.pivotal.ConfigRabbitApplicationTests]
15:08:18.053 [Test worker] DEBUG o.s.t.c.s.DependencyInjectionTestExecutionListener - Performing dependency injection for test context [[DefaultTestContext@72700b62 testClass = ConfigRabbitApplicationTests, testInstance = io.pivotal.ConfigRabbitApplicationTests@94e2e12, testMethod = [null], testException = [null], mergedContextConfiguration = [MergedContextConfiguration@26be93a7 testClass = ConfigRabbitApplicationTests, locations = '{}', classes = '{class io.pivotal.ConfigRabbitApplication}', contextInitializerClasses = '[]', activeProfiles = '{}', propertySourceLocations = '{}', propertySourceProperties = '{}', contextLoader = 'org.springframework.boot.test.SpringApplicationContextLoader', parent = [null]]]].
15:08:18.110 [Test worker] DEBUG o.s.core.env.StandardEnvironment - Adding [systemProperties] PropertySource with lowest search precedence
15:08:18.111 [Test worker] DEBUG o.s.core.env.StandardEnvironment - Adding [systemEnvironment] PropertySource with lowest search precedence
15:08:18.111 [Test worker] DEBUG o.s.core.env.StandardEnvironment - Initialized StandardEnvironment with PropertySources [systemProperties,systemEnvironment]
15:08:18.112 [Test worker] DEBUG o.s.core.env.StandardEnvironment - Adding [integrationTest] PropertySource with search precedence immediately lower than [systemEnvironment]
2015-08-05 15:08:18.353  INFO 4053 --- [    Test worker] o.s.boot.SpringApplication               : Starting application on IRMODRISCOLL.local with PID 4053 (/Users/mdriscoll/.gradle/caches/modules-2/files-2.1/org.springframework.boot/spring-boot/1.2.4.RELEASE/231f740ec1e7b2b89cb9accef516cb02eb2db44d/spring-boot-1.2.4.RELEASE.jar started by mdriscoll in /Users/mdriscoll/STS/config-rabbit)
2015-08-05 15:08:18.383  INFO 4053 --- [    Test worker] s.c.a.AnnotationConfigApplicationContext : Refreshing org.springframework.context.annotation.AnnotationConfigApplicationContext@5c7c0e27: startup date [Wed Aug 05 15:08:18 BST 2015]; root of context hierarchy
2015-08-05 15:08:18.574  INFO 4053 --- [    Test worker] trationDelegate$BeanPostProcessorChecker : Bean 'encrypt.CONFIGURATION_PROPERTIES' of type [class org.springframework.cloud.bootstrap.encrypt.KeyProperties] is not eligible for getting processed by all BeanPostProcessors (for example: not eligible for auto-proxying)
2015-08-05 15:08:18.574  INFO 4053 --- [    Test worker] trationDelegate$BeanPostProcessorChecker : Bean 'encryptionBootstrapConfiguration' of type [class org.springframework.cloud.bootstrap.encrypt.EncryptionBootstrapConfiguration$$EnhancerBySpringCGLIB$$1f2735f] is not eligible for getting processed by all BeanPostProcessors (for example: not eligible for auto-proxying)
2015-08-05 15:08:18.657  INFO 4053 --- [    Test worker] o.s.boot.SpringApplication               : Started application in 0.498 seconds (JVM running for 1.411)

  .   ____          _            __ _ _
 /\\ / ___'_ __ _ _(_)_ __  __ _ \ \ \ \
( ( )\___ | '_ | '_| | '_ \/ _` | \ \ \ \
 \\/  ___)| |_)| | | | | || (_| |  ) ) ) )
  '  |____| .__|_| |_|_| |_\__, | / / / /
 =========|_|==============|___/=/_/_/_/
 :: Spring Boot ::        (v1.2.4.RELEASE)

2015-08-05 15:08:23.886  INFO 4053 --- [    Test worker] b.c.PropertySourceBootstrapConfiguration : Located property source: CompositePropertySource [name='configService', propertySources=[MapPropertySource [name='https://github.com/martinod1/rabbitconfig/rabbitconfig.properties'], MapPropertySource [name='https://github.com/martinod1/rabbitconfig/application.properties']]]
2015-08-05 15:08:23.901  INFO 4053 --- [    Test worker] s.c.a.AnnotationConfigApplicationContext : Refreshing org.springframework.context.annotation.AnnotationConfigApplicationContext@46601146: startup date [Wed Aug 05 15:08:23 BST 2015]; parent: org.springframework.context.annotation.AnnotationConfigApplicationContext@5c7c0e27
2015-08-05 15:08:24.353  INFO 4053 --- [    Test worker] o.s.b.f.s.DefaultListableBeanFactory     : Overriding bean definition for bean 'infoEndpoint': replacing [Root bean: class [null]; scope=; abstract=false; lazyInit=false; autowireMode=3; dependencyCheck=0; autowireCandidate=true; primary=false; factoryBeanName=org.springframework.boot.actuate.autoconfigure.EndpointAutoConfiguration; factoryMethodName=infoEndpoint; initMethodName=null; destroyMethodName=(inferred); defined in class path resource [org/springframework/boot/actuate/autoconfigure/EndpointAutoConfiguration.class]] with [Root bean: class [null]; scope=; abstract=false; lazyInit=false; autowireMode=3; dependencyCheck=0; autowireCandidate=true; primary=false; factoryBeanName=org.springframework.cloud.autoconfigure.RefreshAutoConfiguration$InfoEndpointRebinderConfiguration; factoryMethodName=infoEndpoint; initMethodName=null; destroyMethodName=(inferred); defined in class path resource [org/springframework/cloud/autoconfigure/RefreshAutoConfiguration$InfoEndpointRebinderConfiguration.class]]
2015-08-05 15:08:24.433  INFO 4053 --- [    Test worker] o.s.cloud.context.scope.GenericScope     : BeanFactory id=39179bd6-652a-3fe0-b4a8-acd3b2317b6c
2015-08-05 15:08:24.440  INFO 4053 --- [    Test worker] trationDelegate$BeanPostProcessorChecker : Bean 'org.springframework.amqp.rabbit.annotation.RabbitBootstrapConfiguration' of type [class org.springframework.amqp.rabbit.annotation.RabbitBootstrapConfiguration$$EnhancerBySpringCGLIB$$4a8dd994] is not eligible for getting processed by all BeanPostProcessors (for example: not eligible for auto-proxying)
2015-08-05 15:08:24.464  INFO 4053 --- [    Test worker] trationDelegate$BeanPostProcessorChecker : Bean 'org.springframework.cloud.autoconfigure.RefreshAutoConfiguration$ConfigurationPropertiesRebinderConfiguration' of type [class org.springframework.cloud.autoconfigure.RefreshAutoConfiguration$ConfigurationPropertiesRebinderConfiguration$$EnhancerBySpringCGLIB$$3229363c] is not eligible for getting processed by all BeanPostProcessors (for example: not eligible for auto-proxying)
178.62.48.242
5672
mqtt
mqtt
2015-08-05 15:08:24.625  INFO 4053 --- [    Test worker] o.s.s.concurrent.ThreadPoolTaskExecutor  : Initializing ExecutorService  'metricsExecutor'
2015-08-05 15:08:24.970  INFO 4053 --- [    Test worker] o.s.c.support.DefaultLifecycleProcessor  : Starting beans in phase 2147483647
2015-08-05 15:08:24.976  INFO 4053 --- [    Test worker] io.pivotal.ConfigRabbitApplicationTests  : Started ConfigRabbitApplicationTests in 6.863 seconds (JVM running for 7.731)
]]></system-out>
  <system-err><![CDATA[]]></system-err>
</testsuite>
